20/10/23 22:14:36 INFO  BasicHook:20 - ------ Starting -----The client search by "crowdar"-----
20/10/23 22:14:42 INFO  BasicHook:25 - ------ Ending -----The client search by "crowdar"-----
20/10/23 22:14:42 INFO  BasicHook:20 - ------ Starting -----The client search by "Automation"-----
20/10/23 22:14:48 INFO  BasicHook:25 - ------ Ending -----The client search by "Automation"-----
20/10/23 22:14:48 INFO  BasicHook:20 - ------ Starting -----The client search by "Docker"-----
20/10/23 22:14:53 INFO  BasicHook:25 - ------ Ending -----The client search by "Docker"-----
20/10/23 22:14:53 INFO  BasicHook:20 - ------ Starting -----The client search by "Lippia"-----
20/10/23 22:14:55 INFO  BasicHook:25 - ------ Ending -----The client search by "Lippia"-----
15/11/23 19:04:07 INFO  BasicHook:20 - ------ Starting -----Posibilidad de añadir cupón y ver facturación, pedidos y otros detalles-----
15/11/23 19:04:10 INFO  BasicHook:25 - ------ Ending -----Posibilidad de añadir cupón y ver facturación, pedidos y otros detalles-----
15/11/23 19:04:10 INFO  BasicHook:20 - ------ Starting -----Confirmación del pedido con los datos-----
15/11/23 19:04:11 INFO  BasicHook:25 - ------ Ending -----Confirmación del pedido con los datos-----
15/11/23 19:06:14 INFO  BasicHook:20 - ------ Starting -----Posibilidad de añadir cupón y ver facturación, pedidos y otros detalles-----
15/11/23 19:06:16 INFO  BasicHook:25 - ------ Ending -----Posibilidad de añadir cupón y ver facturación, pedidos y otros detalles-----
15/11/23 19:06:16 INFO  BasicHook:20 - ------ Starting -----Confirmación del pedido con los datos-----
15/11/23 19:06:17 INFO  BasicHook:25 - ------ Ending -----Confirmación del pedido con los datos-----
15/11/23 19:44:25 INFO  BasicHook:20 - ------ Starting -----Posibilidad de añadir cupón y ver facturación, pedidos y otros detalles-----
15/11/23 19:44:34 INFO  BasicHook:25 - ------ Ending -----Posibilidad de añadir cupón y ver facturación, pedidos y otros detalles-----
15/11/23 19:44:34 INFO  BasicHook:20 - ------ Starting -----Confirmación del pedido con los datos-----
15/11/23 19:44:43 INFO  BasicHook:25 - ------ Ending -----Confirmación del pedido con los datos-----
15/11/23 19:45:50 INFO  BasicHook:20 - ------ Starting -----Posibilidad de añadir cupón y ver facturación, pedidos y otros detalles-----
15/11/23 19:45:59 INFO  BasicHook:25 - ------ Ending -----Posibilidad de añadir cupón y ver facturación, pedidos y otros detalles-----
15/11/23 19:45:59 INFO  BasicHook:20 - ------ Starting -----Confirmación del pedido con los datos-----
15/11/23 19:46:07 INFO  BasicHook:25 - ------ Ending -----Confirmación del pedido con los datos-----
15/11/23 19:56:30 INFO  BasicHook:20 - ------ Starting -----Posibilidad de añadir cupón y ver facturación, pedidos y otros detalles-----
15/11/23 19:56:39 INFO  BasicHook:25 - ------ Ending -----Posibilidad de añadir cupón y ver facturación, pedidos y otros detalles-----
15/11/23 19:56:40 INFO  BasicHook:20 - ------ Starting -----Confirmación del pedido con los datos-----
15/11/23 19:56:48 INFO  BasicHook:25 - ------ Ending -----Confirmación del pedido con los datos-----
15/11/23 20:49:13 INFO  BasicHook:20 - ------ Starting -----Posibilidad de añadir cupón y ver facturación, pedidos y otros detalles-----
15/11/23 20:49:23 INFO  BasicHook:25 - ------ Ending -----Posibilidad de añadir cupón y ver facturación, pedidos y otros detalles-----
15/11/23 20:49:23 INFO  BasicHook:20 - ------ Starting -----Confirmación del pedido con los datos-----
15/11/23 20:49:32 INFO  BasicHook:25 - ------ Ending -----Confirmación del pedido con los datos-----
15/11/23 20:56:11 INFO  BasicHook:20 - ------ Starting -----Posibilidad de añadir cupón y ver facturación, pedidos y otros detalles-----
15/11/23 20:56:20 INFO  BasicHook:25 - ------ Ending -----Posibilidad de añadir cupón y ver facturación, pedidos y otros detalles-----
15/11/23 20:56:20 INFO  BasicHook:20 - ------ Starting -----Confirmación del pedido con los datos-----
15/11/23 20:56:35 INFO  BasicHook:25 - ------ Ending -----Confirmación del pedido con los datos-----
15/11/23 21:05:34 INFO  BasicHook:20 - ------ Starting -----Posibilidad de añadir cupón y ver facturación, pedidos y otros detalles-----
15/11/23 21:06:01 INFO  BasicHook:25 - ------ Ending -----Posibilidad de añadir cupón y ver facturación, pedidos y otros detalles-----
15/11/23 21:06:01 INFO  BasicHook:20 - ------ Starting -----Confirmación del pedido con los datos-----
15/11/23 21:06:16 INFO  BasicHook:25 - ------ Ending -----Confirmación del pedido con los datos-----
15/11/23 21:06:58 INFO  BasicHook:20 - ------ Starting -----Posibilidad de añadir cupón y ver facturación, pedidos y otros detalles-----
15/11/23 21:07:13 INFO  BasicHook:25 - ------ Ending -----Posibilidad de añadir cupón y ver facturación, pedidos y otros detalles-----
15/11/23 21:07:13 INFO  BasicHook:20 - ------ Starting -----Confirmación del pedido con los datos-----
15/11/23 21:07:28 INFO  BasicHook:25 - ------ Ending -----Confirmación del pedido con los datos-----
15/11/23 21:11:25 INFO  BasicHook:20 - ------ Starting -----Posibilidad de añadir cupón y ver facturación, pedidos y otros detalles-----
15/11/23 21:11:39 INFO  BasicHook:25 - ------ Ending -----Posibilidad de añadir cupón y ver facturación, pedidos y otros detalles-----
15/11/23 21:11:39 INFO  BasicHook:20 - ------ Starting -----Confirmación del pedido con los datos-----
15/11/23 21:11:51 INFO  BasicHook:25 - ------ Ending -----Confirmación del pedido con los datos-----
15/11/23 21:12:24 INFO  BasicHook:20 - ------ Starting -----Posibilidad de añadir cupón y ver facturación, pedidos y otros detalles-----
15/11/23 21:13:07 INFO  BasicHook:25 - ------ Ending -----Posibilidad de añadir cupón y ver facturación, pedidos y otros detalles-----
15/11/23 21:13:07 INFO  BasicHook:20 - ------ Starting -----Confirmación del pedido con los datos-----
15/11/23 21:13:53 INFO  BasicHook:25 - ------ Ending -----Confirmación del pedido con los datos-----
15/11/23 21:16:32 INFO  BasicHook:20 - ------ Starting -----Posibilidad de añadir cupón y ver facturación, pedidos y otros detalles-----
15/11/23 21:17:29 INFO  BasicHook:25 - ------ Ending -----Posibilidad de añadir cupón y ver facturación, pedidos y otros detalles-----
15/11/23 21:17:29 INFO  BasicHook:20 - ------ Starting -----Confirmación del pedido con los datos-----
15/11/23 21:18:12 INFO  BasicHook:25 - ------ Ending -----Confirmación del pedido con los datos-----
15/11/23 21:19:32 INFO  BasicHook:20 - ------ Starting -----Posibilidad de añadir cupón y ver facturación, pedidos y otros detalles-----
15/11/23 21:20:18 INFO  BasicHook:25 - ------ Ending -----Posibilidad de añadir cupón y ver facturación, pedidos y otros detalles-----
15/11/23 21:20:19 INFO  BasicHook:20 - ------ Starting -----Confirmación del pedido con los datos-----
15/11/23 21:21:05 INFO  BasicHook:25 - ------ Ending -----Confirmación del pedido con los datos-----
15/11/23 21:23:25 INFO  BasicHook:20 - ------ Starting -----Posibilidad de añadir cupón y ver facturación, pedidos y otros detalles-----
15/11/23 21:24:14 INFO  BasicHook:25 - ------ Ending -----Posibilidad de añadir cupón y ver facturación, pedidos y otros detalles-----
15/11/23 21:24:14 INFO  BasicHook:20 - ------ Starting -----Confirmación del pedido con los datos-----
15/11/23 21:28:32 INFO  BasicHook:20 - ------ Starting -----Posibilidad de añadir cupón y ver facturación, pedidos y otros detalles-----
15/11/23 21:29:25 INFO  BasicHook:25 - ------ Ending -----Posibilidad de añadir cupón y ver facturación, pedidos y otros detalles-----
15/11/23 21:29:25 INFO  BasicHook:20 - ------ Starting -----Confirmación del pedido con los datos-----
15/11/23 21:30:10 INFO  BasicHook:25 - ------ Ending -----Confirmación del pedido con los datos-----
15/11/23 21:32:34 INFO  BasicHook:20 - ------ Starting -----Posibilidad de añadir cupón y ver facturación, pedidos y otros detalles-----
15/11/23 21:33:18 INFO  BasicHook:25 - ------ Ending -----Posibilidad de añadir cupón y ver facturación, pedidos y otros detalles-----
15/11/23 21:33:18 INFO  BasicHook:20 - ------ Starting -----Confirmación del pedido con los datos-----
15/11/23 21:34:00 INFO  BasicHook:25 - ------ Ending -----Confirmación del pedido con los datos-----
15/11/23 21:35:59 INFO  BasicHook:20 - ------ Starting -----Posibilidad de añadir cupón y ver facturación, pedidos y otros detalles-----
15/11/23 21:36:20 INFO  BasicHook:25 - ------ Ending -----Posibilidad de añadir cupón y ver facturación, pedidos y otros detalles-----
15/11/23 21:36:20 INFO  BasicHook:20 - ------ Starting -----Confirmación del pedido con los datos-----
15/11/23 21:37:13 INFO  BasicHook:25 - ------ Ending -----Confirmación del pedido con los datos-----
15/11/23 21:42:03 INFO  BasicHook:20 - ------ Starting -----Posibilidad de añadir cupón y ver facturación, pedidos y otros detalles-----
15/11/23 21:42:23 INFO  BasicHook:25 - ------ Ending -----Posibilidad de añadir cupón y ver facturación, pedidos y otros detalles-----
15/11/23 21:42:23 INFO  BasicHook:20 - ------ Starting -----Confirmación del pedido con los datos-----
15/11/23 21:42:42 INFO  BasicHook:25 - ------ Ending -----Confirmación del pedido con los datos-----
15/11/23 21:43:32 INFO  BasicHook:20 - ------ Starting -----Posibilidad de añadir cupón y ver facturación, pedidos y otros detalles-----
15/11/23 21:43:53 INFO  BasicHook:25 - ------ Ending -----Posibilidad de añadir cupón y ver facturación, pedidos y otros detalles-----
15/11/23 21:43:53 INFO  BasicHook:20 - ------ Starting -----Confirmación del pedido con los datos-----
15/11/23 21:44:15 INFO  BasicHook:25 - ------ Ending -----Confirmación del pedido con los datos-----
15/11/23 21:45:12 INFO  BasicHook:20 - ------ Starting -----Posibilidad de añadir cupón y ver facturación, pedidos y otros detalles-----
15/11/23 21:45:34 INFO  BasicHook:25 - ------ Ending -----Posibilidad de añadir cupón y ver facturación, pedidos y otros detalles-----
15/11/23 21:45:34 INFO  BasicHook:20 - ------ Starting -----Confirmación del pedido con los datos-----
15/11/23 21:45:54 INFO  BasicHook:25 - ------ Ending -----Confirmación del pedido con los datos-----
15/11/23 21:46:20 INFO  BasicHook:20 - ------ Starting -----Posibilidad de añadir cupón y ver facturación, pedidos y otros detalles-----
15/11/23 21:46:39 INFO  BasicHook:25 - ------ Ending -----Posibilidad de añadir cupón y ver facturación, pedidos y otros detalles-----
15/11/23 21:46:40 INFO  BasicHook:20 - ------ Starting -----Confirmación del pedido con los datos-----
15/11/23 21:47:00 INFO  BasicHook:25 - ------ Ending -----Confirmación del pedido con los datos-----
15/11/23 22:09:54 INFO  BasicHook:20 - ------ Starting -----Login sensible a mayusculas y minusculas-----
15/11/23 22:10:20 INFO  BasicHook:20 - ------ Starting -----Autentificación del Logout funcional-----
15/11/23 22:11:27 INFO  BasicHook:20 - ------ Starting -----Login sensible a mayusculas y minusculas-----
15/11/23 22:11:43 INFO  BasicHook:25 - ------ Ending -----Login sensible a mayusculas y minusculas-----
15/11/23 22:11:43 INFO  BasicHook:20 - ------ Starting -----Autentificación del Logout funcional-----
15/11/23 22:11:58 INFO  BasicHook:25 - ------ Ending -----Autentificación del Logout funcional-----
15/11/23 22:13:01 INFO  BasicHook:20 - ------ Starting -----Login sensible a mayusculas y minusculas-----
15/11/23 22:13:16 INFO  BasicHook:25 - ------ Ending -----Login sensible a mayusculas y minusculas-----
15/11/23 22:13:16 INFO  BasicHook:20 - ------ Starting -----Autentificación del Logout funcional-----
15/11/23 22:13:33 INFO  BasicHook:25 - ------ Ending -----Autentificación del Logout funcional-----
15/11/23 22:15:10 INFO  BasicHook:20 - ------ Starting -----Login sensible a mayusculas y minusculas-----
15/11/23 22:15:24 INFO  BasicHook:25 - ------ Ending -----Login sensible a mayusculas y minusculas-----
15/11/23 22:15:24 INFO  BasicHook:20 - ------ Starting -----Autentificación del Logout funcional-----
15/11/23 22:15:40 INFO  BasicHook:25 - ------ Ending -----Autentificación del Logout funcional-----
15/11/23 22:16:16 INFO  BasicHook:20 - ------ Starting -----Autentificación del Logout funcional-----
15/11/23 22:16:33 INFO  BasicHook:25 - ------ Ending -----Autentificación del Logout funcional-----
15/11/23 22:17:04 INFO  BasicHook:20 - ------ Starting -----Autentificación del Logout funcional-----
15/11/23 22:17:19 INFO  BasicHook:25 - ------ Ending -----Autentificación del Logout funcional-----
15/11/23 22:20:32 INFO  BasicHook:20 - ------ Starting -----Autentificación del Logout funcional-----
15/11/23 22:20:49 ERROR LocatorManager:32 - Index 1 out of bounds for length 1
15/11/23 22:20:49 INFO  BasicHook:25 - ------ Ending -----Autentificación del Logout funcional-----
15/11/23 22:23:50 INFO  BasicHook:20 - ------ Starting -----Autentificación del Logout funcional-----
15/11/23 22:24:06 ERROR LocatorManager:32 - Index 1 out of bounds for length 1
15/11/23 22:24:06 INFO  BasicHook:25 - ------ Ending -----Autentificación del Logout funcional-----
15/11/23 22:26:35 INFO  BasicHook:20 - ------ Starting -----Autentificación del Logout funcional-----
15/11/23 22:26:52 INFO  BasicHook:25 - ------ Ending -----Autentificación del Logout funcional-----
15/11/23 22:28:07 INFO  BasicHook:20 - ------ Starting -----Autentificación del Logout funcional-----
15/11/23 22:28:25 INFO  BasicHook:25 - ------ Ending -----Autentificación del Logout funcional-----
15/11/23 22:31:23 INFO  BasicHook:20 - ------ Starting -----Autentificación del Logout funcional-----
15/11/23 22:31:41 INFO  BasicHook:25 - ------ Ending -----Autentificación del Logout funcional-----
15/11/23 23:15:09 INFO  BasicHook:20 - ------ Starting -----Usuario ingresa a sus direcciones con su cuenta-----
15/11/23 23:15:17 INFO  BasicHook:20 - ------ Starting -----Logout funcional-----
15/11/23 23:16:12 INFO  BasicHook:20 - ------ Starting -----Usuario ingresa a sus direcciones con su cuenta-----
15/11/23 23:16:45 INFO  BasicHook:20 - ------ Starting -----Logout funcional-----
15/11/23 23:18:02 INFO  BasicHook:20 - ------ Starting -----Usuario ingresa a sus direcciones con su cuenta-----
15/11/23 23:18:48 INFO  BasicHook:25 - ------ Ending -----Usuario ingresa a sus direcciones con su cuenta-----
15/11/23 23:18:48 INFO  BasicHook:20 - ------ Starting -----Logout funcional-----
15/11/23 23:19:05 INFO  BasicHook:25 - ------ Ending -----Logout funcional-----
15/11/23 23:30:51 INFO  BasicHook:20 - ------ Starting -----Usuario ingresa a sus direcciones con su cuenta-----
15/11/23 23:31:08 INFO  BasicHook:25 - ------ Ending -----Usuario ingresa a sus direcciones con su cuenta-----
15/11/23 23:31:08 INFO  BasicHook:20 - ------ Starting -----Logout funcional-----
15/11/23 23:31:21 INFO  BasicHook:25 - ------ Ending -----Logout funcional-----
15/11/23 23:31:34 INFO  BasicHook:20 - ------ Starting -----Usuario ingresa a sus direcciones con su cuenta-----
15/11/23 23:31:54 INFO  BasicHook:25 - ------ Ending -----Usuario ingresa a sus direcciones con su cuenta-----
15/11/23 23:31:54 INFO  BasicHook:20 - ------ Starting -----Logout funcional-----
15/11/23 23:32:08 INFO  BasicHook:25 - ------ Ending -----Logout funcional-----
15/11/23 23:35:11 INFO  BasicHook:20 - ------ Starting -----Usuario ingresa a sus direcciones con su cuenta-----
15/11/23 23:35:27 INFO  BasicHook:25 - ------ Ending -----Usuario ingresa a sus direcciones con su cuenta-----
15/11/23 23:35:27 INFO  BasicHook:20 - ------ Starting -----Logout funcional-----
15/11/23 23:35:45 INFO  BasicHook:25 - ------ Ending -----Logout funcional-----
15/11/23 23:39:06 INFO  BasicHook:20 - ------ Starting -----Usuario ingresa a sus direcciones con su cuenta-----
15/11/23 23:39:23 INFO  BasicHook:25 - ------ Ending -----Usuario ingresa a sus direcciones con su cuenta-----
16/11/23 00:08:11 INFO  BasicHook:20 - ------ Starting -----Registro con mail y contraseña vacios-----
16/11/23 00:08:23 INFO  BasicHook:25 - ------ Ending -----Registro con mail y contraseña vacios-----
16/11/23 00:08:23 INFO  BasicHook:20 - ------ Starting -----Registro con mail y contraseña vacíos-----
16/11/23 00:08:34 INFO  BasicHook:25 - ------ Ending -----Registro con mail y contraseña vacíos-----
16/11/23 00:11:19 INFO  BasicHook:20 - ------ Starting -----Registro con mail y contraseña vacios-----
16/11/23 00:11:30 INFO  BasicHook:25 - ------ Ending -----Registro con mail y contraseña vacios-----
16/11/23 00:11:30 INFO  BasicHook:20 - ------ Starting -----Registro con mail y contraseña vacíos-----
16/11/23 00:11:40 INFO  BasicHook:25 - ------ Ending -----Registro con mail y contraseña vacíos-----
16/11/23 00:18:10 INFO  BasicHook:20 - ------ Starting -----Registro con mail y contraseña vacios-----
16/11/23 00:18:14 INFO  BasicHook:20 - ------ Starting -----Registro con mail y contraseña vacíos-----
16/11/23 00:19:23 INFO  BasicHook:20 - ------ Starting -----Registro con mail y contraseña vacios-----
16/11/23 00:19:34 INFO  BasicHook:25 - ------ Ending -----Registro con mail y contraseña vacios-----
16/11/23 00:19:34 INFO  BasicHook:20 - ------ Starting -----Registro con mail y contraseña vacíos-----
16/11/23 00:19:46 INFO  BasicHook:25 - ------ Ending -----Registro con mail y contraseña vacíos-----
16/11/23 00:20:40 INFO  BasicHook:20 - ------ Starting -----Registro con mail y contraseña vacios-----
16/11/23 00:20:51 INFO  BasicHook:25 - ------ Ending -----Registro con mail y contraseña vacios-----
16/11/23 00:20:51 INFO  BasicHook:20 - ------ Starting -----Registro con mail y contraseña vacíos-----
16/11/23 00:21:03 INFO  BasicHook:25 - ------ Ending -----Registro con mail y contraseña vacíos-----
16/11/23 00:21:30 INFO  BasicHook:20 - ------ Starting -----Página de confirmación de orden-----
16/11/23 00:22:12 INFO  BasicHook:20 - ------ Starting -----Página de confirmación de orden-----
16/11/23 00:23:44 INFO  BasicHook:20 - ------ Starting -----Página de confirmación de orden-----
16/11/23 00:24:23 INFO  BasicHook:25 - ------ Ending -----Página de confirmación de orden-----
16/11/23 17:37:02 INFO  BasicHook:20 - ------ Starting -----Tasa de impuestos-----
16/11/23 17:37:29 INFO  BasicHook:20 - ------ Starting -----Tasa de impuestos-----
16/11/23 17:39:26 INFO  BasicHook:20 - ------ Starting -----Tasa de impuestos-----
16/11/23 17:39:46 INFO  BasicHook:20 - ------ Starting -----Tasa de impuestos-----
16/11/23 17:42:04 INFO  BasicHook:20 - ------ Starting -----Tasa de impuestos-----
16/11/23 17:42:22 INFO  BasicHook:25 - ------ Ending -----Tasa de impuestos-----
16/11/23 17:42:22 INFO  BasicHook:20 - ------ Starting -----Tasa de impuestos-----
16/11/23 17:42:36 INFO  BasicHook:25 - ------ Ending -----Tasa de impuestos-----
16/11/23 17:43:42 INFO  BasicHook:20 - ------ Starting -----Tasa de impuestos-----
16/11/23 17:43:55 INFO  BasicHook:25 - ------ Ending -----Tasa de impuestos-----
16/11/23 17:43:55 INFO  BasicHook:20 - ------ Starting -----Tasa de impuestos-----
16/11/23 17:44:15 INFO  BasicHook:20 - ------ Starting -----Tasa de impuestos-----
16/11/23 17:44:36 INFO  BasicHook:25 - ------ Ending -----Tasa de impuestos-----
16/11/23 17:44:36 INFO  BasicHook:20 - ------ Starting -----Tasa de impuestos-----
16/11/23 17:45:42 INFO  BasicHook:20 - ------ Starting -----Tasa de impuestos-----
16/11/23 17:46:05 INFO  BasicHook:25 - ------ Ending -----Tasa de impuestos-----
16/11/23 17:46:06 INFO  BasicHook:20 - ------ Starting -----Tasa de impuestos-----
16/11/23 17:46:30 INFO  BasicHook:20 - ------ Starting -----Tasa de impuestos-----
16/11/23 17:46:51 INFO  BasicHook:25 - ------ Ending -----Tasa de impuestos-----
16/11/23 17:46:51 INFO  BasicHook:20 - ------ Starting -----Tasa de impuestos-----
16/11/23 17:47:49 INFO  BasicHook:20 - ------ Starting -----Tasa de impuestos-----
16/11/23 17:48:01 INFO  BasicHook:25 - ------ Ending -----Tasa de impuestos-----
16/11/23 17:48:02 INFO  BasicHook:20 - ------ Starting -----Tasa de impuestos-----
16/11/23 17:48:24 INFO  BasicHook:20 - ------ Starting -----Tasa de impuestos-----
16/11/23 17:48:46 INFO  BasicHook:25 - ------ Ending -----Tasa de impuestos-----
16/11/23 17:48:46 INFO  BasicHook:20 - ------ Starting -----Tasa de impuestos-----
16/11/23 17:49:10 INFO  BasicHook:25 - ------ Ending -----Tasa de impuestos-----
16/11/23 17:57:00 INFO  BasicHook:20 - ------ Starting -----Tasa de impuestos-----
16/11/23 17:57:15 INFO  BasicHook:25 - ------ Ending -----Tasa de impuestos-----
16/11/23 17:57:15 INFO  BasicHook:20 - ------ Starting -----Tasa de impuestos-----
16/11/23 17:57:21 INFO  BasicHook:20 - ------ Starting -----Tasa de impuestos-----
16/11/23 17:57:36 INFO  BasicHook:25 - ------ Ending -----Tasa de impuestos-----
16/11/23 17:57:36 INFO  BasicHook:20 - ------ Starting -----Tasa de impuestos-----
16/11/23 17:57:51 INFO  BasicHook:25 - ------ Ending -----Tasa de impuestos-----
16/11/23 17:57:55 INFO  BasicHook:20 - ------ Starting -----Tasa de impuestos-----
16/11/23 17:58:11 INFO  BasicHook:25 - ------ Ending -----Tasa de impuestos-----
16/11/23 17:58:11 INFO  BasicHook:20 - ------ Starting -----Tasa de impuestos-----
16/11/23 17:58:26 INFO  BasicHook:25 - ------ Ending -----Tasa de impuestos-----
16/11/23 17:58:29 INFO  BasicHook:20 - ------ Starting -----Tasa de impuestos-----
16/11/23 17:58:44 INFO  BasicHook:25 - ------ Ending -----Tasa de impuestos-----
16/11/23 17:58:45 INFO  BasicHook:20 - ------ Starting -----Tasa de impuestos-----
16/11/23 17:59:11 INFO  BasicHook:25 - ------ Ending -----Tasa de impuestos-----
16/11/23 18:00:11 INFO  BasicHook:20 - ------ Starting -----Tasa de impuestos-----
16/11/23 18:00:38 INFO  BasicHook:25 - ------ Ending -----Tasa de impuestos-----
16/11/23 18:00:38 INFO  BasicHook:20 - ------ Starting -----Tasa de impuestos-----
16/11/23 18:01:11 INFO  BasicHook:25 - ------ Ending -----Tasa de impuestos-----
16/11/23 18:02:25 INFO  BasicHook:20 - ------ Starting -----Tasa de impuestos-----
16/11/23 18:02:48 INFO  BasicHook:25 - ------ Ending -----Tasa de impuestos-----
16/11/23 18:02:49 INFO  BasicHook:20 - ------ Starting -----Tasa de impuestos-----
16/11/23 18:03:07 INFO  BasicHook:25 - ------ Ending -----Tasa de impuestos-----
16/11/23 18:05:20 INFO  BasicHook:20 - ------ Starting -----Tasa de impuestos-----
16/11/23 18:06:14 INFO  BasicHook:20 - ------ Starting -----Tasa de impuestos-----
16/11/23 18:08:11 INFO  BasicHook:20 - ------ Starting -----Tasa de impuestos-----
16/11/23 18:08:23 INFO  BasicHook:25 - ------ Ending -----Tasa de impuestos-----
16/11/23 18:08:23 INFO  BasicHook:20 - ------ Starting -----Tasa de impuestos-----
16/11/23 18:10:40 INFO  BasicHook:20 - ------ Starting -----Tasa de impuestos-----
16/11/23 18:11:31 INFO  BasicHook:25 - ------ Ending -----Tasa de impuestos-----
16/11/23 18:11:32 INFO  BasicHook:20 - ------ Starting -----Tasa de impuestos-----
16/11/23 18:11:46 INFO  BasicHook:25 - ------ Ending -----Tasa de impuestos-----
16/11/23 18:12:43 INFO  BasicHook:20 - ------ Starting -----Tasa de impuestos-----
16/11/23 18:13:19 INFO  BasicHook:20 - ------ Starting -----Tasa de impuestos-----
16/11/23 18:14:02 INFO  BasicHook:20 - ------ Starting -----Tasa de impuestos-----
16/11/23 18:14:39 INFO  BasicHook:20 - ------ Starting -----Tasa de impuestos-----
16/11/23 18:15:35 INFO  BasicHook:20 - ------ Starting -----Tasa de impuestos-----
16/11/23 18:15:50 INFO  BasicHook:25 - ------ Ending -----Tasa de impuestos-----
16/11/23 18:15:51 INFO  BasicHook:20 - ------ Starting -----Tasa de impuestos-----
16/11/23 18:16:08 INFO  BasicHook:25 - ------ Ending -----Tasa de impuestos-----
16/11/23 18:16:13 INFO  BasicHook:20 - ------ Starting -----Tasa de impuestos-----
16/11/23 18:16:28 INFO  BasicHook:25 - ------ Ending -----Tasa de impuestos-----
16/11/23 18:16:28 INFO  BasicHook:20 - ------ Starting -----Tasa de impuestos-----
16/11/23 18:17:49 INFO  BasicHook:20 - ------ Starting -----Confirmación del pedido con los datos-----
16/11/23 18:18:07 INFO  BasicHook:25 - ------ Ending -----Confirmación del pedido con los datos-----
16/11/23 18:19:28 INFO  BasicHook:20 - ------ Starting -----Confirmación del pedido con los datos-----
16/11/23 18:19:45 INFO  BasicHook:25 - ------ Ending -----Confirmación del pedido con los datos-----
16/11/23 18:19:55 INFO  BasicHook:20 - ------ Starting -----Confirmación del pedido con los datos-----
16/11/23 18:20:31 INFO  BasicHook:20 - ------ Starting -----Tasa de impuestos-----
16/11/23 18:20:51 INFO  BasicHook:25 - ------ Ending -----Tasa de impuestos-----
16/11/23 18:20:51 INFO  BasicHook:20 - ------ Starting -----Tasa de impuestos-----
16/11/23 18:21:02 INFO  BasicHook:25 - ------ Ending -----Tasa de impuestos-----
16/11/23 18:21:06 INFO  BasicHook:20 - ------ Starting -----Tasa de impuestos-----
16/11/23 18:21:25 INFO  BasicHook:25 - ------ Ending -----Tasa de impuestos-----
16/11/23 18:21:25 INFO  BasicHook:20 - ------ Starting -----Tasa de impuestos-----
16/11/23 18:22:21 INFO  BasicHook:25 - ------ Ending -----Tasa de impuestos-----
16/11/23 18:25:48 INFO  BasicHook:20 - ------ Starting -----Tasa de impuestos-----
16/11/23 18:26:02 INFO  BasicHook:25 - ------ Ending -----Tasa de impuestos-----
16/11/23 18:26:02 INFO  BasicHook:20 - ------ Starting -----Tasa de impuestos-----
16/11/23 18:26:16 INFO  BasicHook:25 - ------ Ending -----Tasa de impuestos-----
16/11/23 18:26:20 INFO  BasicHook:20 - ------ Starting -----Tasa de impuestos-----
16/11/23 18:27:15 INFO  BasicHook:25 - ------ Ending -----Tasa de impuestos-----
16/11/23 18:27:16 INFO  BasicHook:20 - ------ Starting -----Tasa de impuestos-----
16/11/23 18:27:28 INFO  BasicHook:25 - ------ Ending -----Tasa de impuestos-----
16/11/23 18:30:59 INFO  BasicHook:20 - ------ Starting -----Tasa de impuestos-----
16/11/23 18:31:40 INFO  BasicHook:20 - ------ Starting -----Tasa de impuestos-----
16/11/23 18:32:55 INFO  BasicHook:20 - ------ Starting -----Tasa de impuestos-----
16/11/23 18:33:08 INFO  BasicHook:25 - ------ Ending -----Tasa de impuestos-----
16/11/23 18:33:08 INFO  BasicHook:20 - ------ Starting -----Tasa de impuestos-----
16/11/23 18:33:14 INFO  BasicHook:20 - ------ Starting -----Tasa de impuestos-----
16/11/23 18:33:52 INFO  BasicHook:20 - ------ Starting -----Tasa de impuestos-----
